<?xml version="1.0" encoding="UTF-8"?>
<testsuite xmlns:xsi="http://www.w3.org/2001/XMLSchema-instance" xsi:noNamespaceSchemaLocation="https://maven.apache.org/surefire/maven-surefire-plugin/xsd/surefire-test-report-3.0.xsd" version="3.0" name="com.project.test.BookServiceTest" time="0.06" tests="7" errors="0" skipped="0" failures="0">
  <properties>
[...]
</properties>
  <testcase name="addBook_NullBook_ShouldNotAdd" classname="com.project.test.BookServiceTest" time="0.027"/>
  <testcase name="updateBookAvailability_ExistingBook_ShouldUpdateSuccessfully" classname="com.project.test.BookServiceTest" time="0.003"/>
  <testcase name="findBookByIsbn_ExistingBook_ShouldReturnBook" classname="com.project.test.BookServiceTest" time="0.002"/>
  <testcase name="findBookByIsbn_NonExistingBook_ShouldReturnEmpty" classname="com.project.test.BookServiceTest" time="0.001"/>
  <testcase name="addBook_ValidBook_ShouldAddSuccessfully" classname="com.project.test.BookServiceTest" time="0.001"/>
  <testcase name="removeBook_ExistingBook_ShouldRemoveSuccessfully" classname="com.project.test.BookServiceTest" time="0.001"/>
  <testcase name="updateBookAvailability_NonExistingBook_ShouldNotUpdate" classname="com.project.test.BookServiceTest" time="0.001"/>
</testsuite>